<?xml version="1.0" encoding="UTF-8"?>
<testsuite xmlns:xsi="http://www.w3.org/2001/XMLSchema-instance" xsi:noNamespaceSchemaLocation="https://maven.apache.org/surefire/maven-surefire-plugin/xsd/surefire-test-report-3.0.xsd" version="3.0" name="TestSuite" time="29.318" tests="8" errors="0" skipped="0" failures="2">
  <properties>
    <property name="java.specification.version" value="17"/>
    <property name="sun.cpu.isalist" value="amd64"/>
    <property name="sun.jnu.encoding" value="Cp1252"/>
    <property name="java.class.path" value="C:\Users\SAI UPENDAR\Documents\Projecr2\target\test-classes;C:\Users\SAI UPENDAR\Documents\Projecr2\target\classes;C:\Users\SAI UPENDAR\.jenkins\maven-repositories\0\junit\junit\3.8.1\junit-3.8.1.jar;C:\Users\SAI UPENDAR\.jenkins\maven-repositories\0\com\beust\jcommander\1.48\jcommander-1.48.jar;C:\Users\SAI UPENDAR\.jenkins\maven-repositories\0\org\testng\testng\7.7.0\testng-7.7.0.jar;C:\Users\SAI UPENDAR\.jenkins\maven-repositories\0\org\slf4j\slf4j-api\1.7.36\slf4j-api-1.7.36.jar;C:\Users\SAI UPENDAR\.jenkins\maven-repositories\0\org\webjars\jquery\3.6.1\jquery-3.6.1.jar;C:\Users\SAI UPENDAR\.jenkins\maven-repositories\0\org\seleniumhq\selenium\selenium-java\4.15.0\selenium-java-4.15.0.jar;C:\Users\SAI UPENDAR\.jenkins\maven-repositories\0\org\seleniumhq\selenium\selenium-api\4.15.0\selenium-api-4.15.0.jar;C:\Users\SAI UPENDAR\.jenkins\maven-repositories\0\org\seleniumhq\selenium\selenium-chrome-driver\4.15.0\selenium-chrome-driver-4.15.0.jar;C:\Users\SAI UPENDAR\.jenkins\maven-repositories\0\com\google\auto\service\auto-service-annotations\1.1.1\auto-service-annotations-1.1.1.jar;C:\Users\SAI UPENDAR\.jenkins\maven-repositories\0\org\seleniumhq\selenium\selenium-chromium-driver\4.15.0\selenium-chromium-driver-4.15.0.jar;C:\Users\SAI UPENDAR\.jenkins\maven-repositories\0\org\seleniumhq\selenium\selenium-json\4.15.0\selenium-json-4.15.0.jar;C:\Users\SAI UPENDAR\.jenkins\maven-repositories\0\org\seleniumhq\selenium\selenium-manager\4.15.0\selenium-manager-4.15.0.jar;C:\Users\SAI UPENDAR\.jenkins\maven-repositories\0\org\seleniumhq\selenium\selenium-devtools-v117\4.15.0\selenium-devtools-v117-4.15.0.jar;C:\Users\SAI UPENDAR\.jenkins\maven-repositories\0\org\seleniumhq\selenium\selenium-devtools-v118\4.15.0\selenium-devtools-v118-4.15.0.jar;C:\Users\SAI UPENDAR\.jenkins\maven-repositories\0\org\seleniumhq\selenium\selenium-devtools-v119\4.15.0\selenium-devtools-v119-4.15.0.jar;C:\Users\SAI UPENDAR\.jenkins\maven-repositories\0\org\seleniumhq\selenium\selenium-devtools-v85\4.15.0\selenium-devtools-v85-4.15.0.jar;C:\Users\SAI UPENDAR\.jenkins\maven-repositories\0\org\seleniumhq\selenium\selenium-edge-driver\4.15.0\selenium-edge-driver-4.15.0.jar;C:\Users\SAI UPENDAR\.jenkins\maven-repositories\0\org\seleniumhq\selenium\selenium-firefox-driver\4.15.0\selenium-firefox-driver-4.15.0.jar;C:\Users\SAI UPENDAR\.jenkins\maven-repositories\0\org\seleniumhq\selenium\selenium-http\4.15.0\selenium-http-4.15.0.jar;C:\Users\SAI UPENDAR\.jenkins\maven-repositories\0\dev\failsafe\failsafe\3.3.2\failsafe-3.3.2.jar;C:\Users\SAI UPENDAR\.jenkins\maven-repositories\0\org\seleniumhq\selenium\selenium-ie-driver\4.15.0\selenium-ie-driver-4.15.0.jar;C:\Users\SAI UPENDAR\.jenkins\maven-repositories\0\org\seleniumhq\selenium\selenium-remote-driver\4.15.0\selenium-remote-driver-4.15.0.jar;C:\Users\SAI UPENDAR\.jenkins\maven-repositories\0\com\google\guava\guava\32.1.2-jre\guava-32.1.2-jre.jar;C:\Users\SAI UPENDAR\.jenkins\maven-repositories\0\com\google\guava\failureaccess\1.0.1\failureaccess-1.0.1.jar;C:\Users\SAI UPENDAR\.jenkins\maven-repositories\0\com\google\guava\listenablefuture\9999.0-empty-to-avoid-conflict-with-guava\listenablefuture-9999.0-empty-to-avoid-conflict-with-guava.jar;C:\Users\SAI UPENDAR\.jenkins\maven-repositories\0\com\google\code\findbugs\jsr305\3.0.2\jsr305-3.0.2.jar;C:\Users\SAI UPENDAR\.jenkins\maven-repositories\0\org\checkerframework\checker-qual\3.33.0\checker-qual-3.33.0.jar;C:\Users\SAI UPENDAR\.jenkins\maven-repositories\0\com\google\errorprone\error_prone_annotations\2.18.0\error_prone_annotations-2.18.0.jar;C:\Users\SAI UPENDAR\.jenkins\maven-repositories\0\com\google\j2objc\j2objc-annotations\2.8\j2objc-annotations-2.8.jar;C:\Users\SAI UPENDAR\.jenkins\maven-repositories\0\io\opentelemetry\opentelemetry-api\1.28.0\opentelemetry-api-1.28.0.jar;C:\Users\SAI UPENDAR\.jenkins\maven-repositories\0\io\opentelemetry\opentelemetry-context\1.28.0\opentelemetry-context-1.28.0.jar;C:\Users\SAI UPENDAR\.jenkins\maven-repositories\0\io\opentelemetry\opentelemetry-exporter-logging\1.28.0\opentelemetry-exporter-logging-1.28.0.jar;C:\Users\SAI UPENDAR\.jenkins\maven-repositories\0\io\opentelemetry\opentelemetry-sdk-metrics\1.28.0\opentelemetry-sdk-metrics-1.28.0.jar;C:\Users\SAI UPENDAR\.jenkins\maven-repositories\0\io\opentelemetry\opentelemetry-extension-incubator\1.28.0-alpha\opentelemetry-extension-incubator-1.28.0-alpha.jar;C:\Users\SAI UPENDAR\.jenkins\maven-repositories\0\io\opentelemetry\opentelemetry-sdk-logs\1.28.0\opentelemetry-sdk-logs-1.28.0.jar;C:\Users\SAI UPENDAR\.jenkins\maven-repositories\0\io\opentelemetry\opentelemetry-sdk-common\1.28.0\opentelemetry-sdk-common-1.28.0.jar;C:\Users\SAI UPENDAR\.jenkins\maven-repositories\0\io\opentelemetry\opentelemetry-sdk-extension-autoconfigure-spi\1.28.0\opentelemetry-sdk-extension-autoconfigure-spi-1.28.0.jar;C:\Users\SAI UPENDAR\.jenkins\maven-repositories\0\io\opentelemetry\opentelemetry-sdk-extension-autoconfigure\1.28.0\opentelemetry-sdk-extension-autoconfigure-1.28.0.jar;C:\Users\SAI UPENDAR\.jenkins\maven-repositories\0\io\opentelemetry\opentelemetry-api-events\1.28.0-alpha\opentelemetry-api-events-1.28.0-alpha.jar;C:\Users\SAI UPENDAR\.jenkins\maven-repositories\0\io\opentelemetry\opentelemetry-sdk-trace\1.28.0\opentelemetry-sdk-trace-1.28.0.jar;C:\Users\SAI UPENDAR\.jenkins\maven-repositories\0\io\opentelemetry\opentelemetry-sdk\1.28.0\opentelemetry-sdk-1.28.0.jar;C:\Users\SAI UPENDAR\.jenkins\maven-repositories\0\io\opentelemetry\opentelemetry-semconv\1.28.0-alpha\opentelemetry-semconv-1.28.0-alpha.jar;C:\Users\SAI UPENDAR\.jenkins\maven-repositories\0\net\bytebuddy\byte-buddy\1.14.5\byte-buddy-1.14.5.jar;C:\Users\SAI UPENDAR\.jenkins\maven-repositories\0\org\seleniumhq\selenium\selenium-os\4.15.0\selenium-os-4.15.0.jar;C:\Users\SAI UPENDAR\.jenkins\maven-repositories\0\org\apache\commons\commons-exec\1.3\commons-exec-1.3.jar;C:\Users\SAI UPENDAR\.jenkins\maven-repositories\0\org\seleniumhq\selenium\selenium-safari-driver\4.15.0\selenium-safari-driver-4.15.0.jar;C:\Users\SAI UPENDAR\.jenkins\maven-repositories\0\org\seleniumhq\selenium\selenium-support\4.15.0\selenium-support-4.15.0.jar;C:\Users\SAI UPENDAR\.jenkins\maven-repositories\0\io\github\bonigarcia\webdrivermanager\5.6.2\webdrivermanager-5.6.2.jar;C:\Users\SAI UPENDAR\.jenkins\maven-repositories\0\com\google\code\gson\gson\2.10.1\gson-2.10.1.jar;C:\Users\SAI UPENDAR\.jenkins\maven-repositories\0\com\github\docker-java\docker-java\3.3.4\docker-java-3.3.4.jar;C:\Users\SAI UPENDAR\.jenkins\maven-repositories\0\com\github\docker-java\docker-java-core\3.3.4\docker-java-core-3.3.4.jar;C:\Users\SAI UPENDAR\.jenkins\maven-repositories\0\com\github\docker-java\docker-java-api\3.3.4\docker-java-api-3.3.4.jar;C:\Users\SAI UPENDAR\.jenkins\maven-repositories\0\com\fasterxml\jackson\core\jackson-annotations\2.10.3\jackson-annotations-2.10.3.jar;C:\Users\SAI UPENDAR\.jenkins\maven-repositories\0\commons-io\commons-io\2.13.0\commons-io-2.13.0.jar;C:\Users\SAI UPENDAR\.jenkins\maven-repositories\0\com\fasterxml\jackson\core\jackson-databind\2.10.3\jackson-databind-2.10.3.jar;C:\Users\SAI UPENDAR\.jenkins\maven-repositories\0\com\fasterxml\jackson\core\jackson-core\2.10.3\jackson-core-2.10.3.jar;C:\Users\SAI UPENDAR\.jenkins\maven-repositories\0\org\bouncycastle\bcpkix-jdk18on\1.76\bcpkix-jdk18on-1.76.jar;C:\Users\SAI UPENDAR\.jenkins\maven-repositories\0\org\bouncycastle\bcprov-jdk18on\1.76\bcprov-jdk18on-1.76.jar;C:\Users\SAI UPENDAR\.jenkins\maven-repositories\0\org\bouncycastle\bcutil-jdk18on\1.76\bcutil-jdk18on-1.76.jar;C:\Users\SAI UPENDAR\.jenkins\maven-repositories\0\org\slf4j\jcl-over-slf4j\1.7.30\jcl-over-slf4j-1.7.30.jar;C:\Users\SAI UPENDAR\.jenkins\maven-repositories\0\com\github\docker-java\docker-java-transport-httpclient5\3.3.4\docker-java-transport-httpclient5-3.3.4.jar;C:\Users\SAI UPENDAR\.jenkins\maven-repositories\0\com\github\docker-java\docker-java-transport\3.3.4\docker-java-transport-3.3.4.jar;C:\Users\SAI UPENDAR\.jenkins\maven-repositories\0\net\java\dev\jna\jna\5.13.0\jna-5.13.0.jar;C:\Users\SAI UPENDAR\.jenkins\maven-repositories\0\org\brotli\dec\0.1.2\dec-0.1.2.jar;C:\Users\SAI UPENDAR\.jenkins\maven-repositories\0\org\apache\commons\commons-lang3\3.13.0\commons-lang3-3.13.0.jar;C:\Users\SAI UPENDAR\.jenkins\maven-repositories\0\org\apache\commons\commons-compress\1.24.0\commons-compress-1.24.0.jar;C:\Users\SAI UPENDAR\.jenkins\maven-repositories\0\org\apache\httpcomponents\client5\httpclient5\5.2.1\httpclient5-5.2.1.jar;C:\Users\SAI UPENDAR\.jenkins\maven-repositories\0\org\apache\httpcomponents\core5\httpcore5\5.2\httpcore5-5.2.jar;C:\Users\SAI UPENDAR\.jenkins\maven-repositories\0\org\apache\httpcomponents\core5\httpcore5-h2\5.2\httpcore5-h2-5.2.jar;"/>
    <property name="java.vm.vendor" value="Oracle Corporation"/>
    <property name="sun.arch.data.model" value="64"/>
    <property name="user.variant" value=""/>
    <property name="java.vendor.url" value="https://java.oracle.com/"/>
    <property name="user.timezone" value="America/Los_Angeles"/>
    <property name="os.name" value="Windows 11"/>
    <property name="java.vm.specification.version" value="17"/>
    <property name="sun.java.launcher" value="SUN_STANDARD"/>
    <property name="user.country" value="IN"/>
    <property name="sun.boot.library.path" value="C:\Program Files\Java\jdk-17\bin"/>
    <property name="sun.java.command" value="C:\Users\SAI UPENDAR\AppData\Local\Temp\surefire3925326191823564260\surefirebooter-20231214132205167_3.jar C:\Users\SAI UPENDAR\AppData\Local\Temp\surefire3925326191823564260 2023-12-14T13-22-03_932-jvmRun1 surefire-20231214132205167_1tmp surefire_0-20231214132205167_2tmp"/>
    <property name="jdk.debug" value="release"/>
    <property name="surefire.test.class.path" value="C:\Users\SAI UPENDAR\Documents\Projecr2\target\test-classes;C:\Users\SAI UPENDAR\Documents\Projecr2\target\classes;C:\Users\SAI UPENDAR\.jenkins\maven-repositories\0\junit\junit\3.8.1\junit-3.8.1.jar;C:\Users\SAI UPENDAR\.jenkins\maven-repositories\0\com\beust\jcommander\1.48\jcommander-1.48.jar;C:\Users\SAI UPENDAR\.jenkins\maven-repositories\0\org\testng\testng\7.7.0\testng-7.7.0.jar;C:\Users\SAI UPENDAR\.jenkins\maven-repositories\0\org\slf4j\slf4j-api\1.7.36\slf4j-api-1.7.36.jar;C:\Users\SAI UPENDAR\.jenkins\maven-repositories\0\org\webjars\jquery\3.6.1\jquery-3.6.1.jar;C:\Users\SAI UPENDAR\.jenkins\maven-repositories\0\org\seleniumhq\selenium\selenium-java\4.15.0\selenium-java-4.15.0.jar;C:\Users\SAI UPENDAR\.jenkins\maven-repositories\0\org\seleniumhq\selenium\selenium-api\4.15.0\selenium-api-4.15.0.jar;C:\Users\SAI UPENDAR\.jenkins\maven-repositories\0\org\seleniumhq\selenium\selenium-chrome-driver\4.15.0\selenium-chrome-driver-4.15.0.jar;C:\Users\SAI UPENDAR\.jenkins\maven-repositories\0\com\google\auto\service\auto-service-annotations\1.1.1\auto-service-annotations-1.1.1.jar;C:\Users\SAI UPENDAR\.jenkins\maven-repositories\0\org\seleniumhq\selenium\selenium-chromium-driver\4.15.0\selenium-chromium-driver-4.15.0.jar;C:\Users\SAI UPENDAR\.jenkins\maven-repositories\0\org\seleniumhq\selenium\selenium-json\4.15.0\selenium-json-4.15.0.jar;C:\Users\SAI UPENDAR\.jenkins\maven-repositories\0\org\seleniumhq\selenium\selenium-manager\4.15.0\selenium-manager-4.15.0.jar;C:\Users\SAI UPENDAR\.jenkins\maven-repositories\0\org\seleniumhq\selenium\selenium-devtools-v117\4.15.0\selenium-devtools-v117-4.15.0.jar;C:\Users\SAI UPENDAR\.jenkins\maven-repositories\0\org\seleniumhq\selenium\selenium-devtools-v118\4.15.0\selenium-devtools-v118-4.15.0.jar;C:\Users\SAI UPENDAR\.jenkins\maven-repositories\0\org\seleniumhq\selenium\selenium-devtools-v119\4.15.0\selenium-devtools-v119-4.15.0.jar;C:\Users\SAI UPENDAR\.jenkins\maven-repositories\0\org\seleniumhq\selenium\selenium-devtools-v85\4.15.0\selenium-devtools-v85-4.15.0.jar;C:\Users\SAI UPENDAR\.jenkins\maven-repositories\0\org\seleniumhq\selenium\selenium-edge-driver\4.15.0\selenium-edge-driver-4.15.0.jar;C:\Users\SAI UPENDAR\.jenkins\maven-repositories\0\org\seleniumhq\selenium\selenium-firefox-driver\4.15.0\selenium-firefox-driver-4.15.0.jar;C:\Users\SAI UPENDAR\.jenkins\maven-repositories\0\org\seleniumhq\selenium\selenium-http\4.15.0\selenium-http-4.15.0.jar;C:\Users\SAI UPENDAR\.jenkins\maven-repositories\0\dev\failsafe\failsafe\3.3.2\failsafe-3.3.2.jar;C:\Users\SAI UPENDAR\.jenkins\maven-repositories\0\org\seleniumhq\selenium\selenium-ie-driver\4.15.0\selenium-ie-driver-4.15.0.jar;C:\Users\SAI UPENDAR\.jenkins\maven-repositories\0\org\seleniumhq\selenium\selenium-remote-driver\4.15.0\selenium-remote-driver-4.15.0.jar;C:\Users\SAI UPENDAR\.jenkins\maven-repositories\0\com\google\guava\guava\32.1.2-jre\guava-32.1.2-jre.jar;C:\Users\SAI UPENDAR\.jenkins\maven-repositories\0\com\google\guava\failureaccess\1.0.1\failureaccess-1.0.1.jar;C:\Users\SAI UPENDAR\.jenkins\maven-repositories\0\com\google\guava\listenablefuture\9999.0-empty-to-avoid-conflict-with-guava\listenablefuture-9999.0-empty-to-avoid-conflict-with-guava.jar;C:\Users\SAI UPENDAR\.jenkins\maven-repositories\0\com\google\code\findbugs\jsr305\3.0.2\jsr305-3.0.2.jar;C:\Users\SAI UPENDAR\.jenkins\maven-repositories\0\org\checkerframework\checker-qual\3.33.0\checker-qual-3.33.0.jar;C:\Users\SAI UPENDAR\.jenkins\maven-repositories\0\com\google\errorprone\error_prone_annotations\2.18.0\error_prone_annotations-2.18.0.jar;C:\Users\SAI UPENDAR\.jenkins\maven-repositories\0\com\google\j2objc\j2objc-annotations\2.8\j2objc-annotations-2.8.jar;C:\Users\SAI UPENDAR\.jenkins\maven-repositories\0\io\opentelemetry\opentelemetry-api\1.28.0\opentelemetry-api-1.28.0.jar;C:\Users\SAI UPENDAR\.jenkins\maven-repositories\0\io\opentelemetry\opentelemetry-context\1.28.0\opentelemetry-context-1.28.0.jar;C:\Users\SAI UPENDAR\.jenkins\maven-repositories\0\io\opentelemetry\opentelemetry-exporter-logging\1.28.0\opentelemetry-exporter-logging-1.28.0.jar;C:\Users\SAI UPENDAR\.jenkins\maven-repositories\0\io\opentelemetry\opentelemetry-sdk-metrics\1.28.0\opentelemetry-sdk-metrics-1.28.0.jar;C:\Users\SAI UPENDAR\.jenkins\maven-repositories\0\io\opentelemetry\opentelemetry-extension-incubator\1.28.0-alpha\opentelemetry-extension-incubator-1.28.0-alpha.jar;C:\Users\SAI UPENDAR\.jenkins\maven-repositories\0\io\opentelemetry\opentelemetry-sdk-logs\1.28.0\opentelemetry-sdk-logs-1.28.0.jar;C:\Users\SAI UPENDAR\.jenkins\maven-repositories\0\io\opentelemetry\opentelemetry-sdk-common\1.28.0\opentelemetry-sdk-common-1.28.0.jar;C:\Users\SAI UPENDAR\.jenkins\maven-repositories\0\io\opentelemetry\opentelemetry-sdk-extension-autoconfigure-spi\1.28.0\opentelemetry-sdk-extension-autoconfigure-spi-1.28.0.jar;C:\Users\SAI UPENDAR\.jenkins\maven-repositories\0\io\opentelemetry\opentelemetry-sdk-extension-autoconfigure\1.28.0\opentelemetry-sdk-extension-autoconfigure-1.28.0.jar;C:\Users\SAI UPENDAR\.jenkins\maven-repositories\0\io\opentelemetry\opentelemetry-api-events\1.28.0-alpha\opentelemetry-api-events-1.28.0-alpha.jar;C:\Users\SAI UPENDAR\.jenkins\maven-repositories\0\io\opentelemetry\opentelemetry-sdk-trace\1.28.0\opentelemetry-sdk-trace-1.28.0.jar;C:\Users\SAI UPENDAR\.jenkins\maven-repositories\0\io\opentelemetry\opentelemetry-sdk\1.28.0\opentelemetry-sdk-1.28.0.jar;C:\Users\SAI UPENDAR\.jenkins\maven-repositories\0\io\opentelemetry\opentelemetry-semconv\1.28.0-alpha\opentelemetry-semconv-1.28.0-alpha.jar;C:\Users\SAI UPENDAR\.jenkins\maven-repositories\0\net\bytebuddy\byte-buddy\1.14.5\byte-buddy-1.14.5.jar;C:\Users\SAI UPENDAR\.jenkins\maven-repositories\0\org\seleniumhq\selenium\selenium-os\4.15.0\selenium-os-4.15.0.jar;C:\Users\SAI UPENDAR\.jenkins\maven-repositories\0\org\apache\commons\commons-exec\1.3\commons-exec-1.3.jar;C:\Users\SAI UPENDAR\.jenkins\maven-repositories\0\org\seleniumhq\selenium\selenium-safari-driver\4.15.0\selenium-safari-driver-4.15.0.jar;C:\Users\SAI UPENDAR\.jenkins\maven-repositories\0\org\seleniumhq\selenium\selenium-support\4.15.0\selenium-support-4.15.0.jar;C:\Users\SAI UPENDAR\.jenkins\maven-repositories\0\io\github\bonigarcia\webdrivermanager\5.6.2\webdrivermanager-5.6.2.jar;C:\Users\SAI UPENDAR\.jenkins\maven-repositories\0\com\google\code\gson\gson\2.10.1\gson-2.10.1.jar;C:\Users\SAI UPENDAR\.jenkins\maven-repositories\0\com\github\docker-java\docker-java\3.3.4\docker-java-3.3.4.jar;C:\Users\SAI UPENDAR\.jenkins\maven-repositories\0\com\github\docker-java\docker-java-core\3.3.4\docker-java-core-3.3.4.jar;C:\Users\SAI UPENDAR\.jenkins\maven-repositories\0\com\github\docker-java\docker-java-api\3.3.4\docker-java-api-3.3.4.jar;C:\Users\SAI UPENDAR\.jenkins\maven-repositories\0\com\fasterxml\jackson\core\jackson-annotations\2.10.3\jackson-annotations-2.10.3.jar;C:\Users\SAI UPENDAR\.jenkins\maven-repositories\0\commons-io\commons-io\2.13.0\commons-io-2.13.0.jar;C:\Users\SAI UPENDAR\.jenkins\maven-repositories\0\com\fasterxml\jackson\core\jackson-databind\2.10.3\jackson-databind-2.10.3.jar;C:\Users\SAI UPENDAR\.jenkins\maven-repositories\0\com\fasterxml\jackson\core\jackson-core\2.10.3\jackson-core-2.10.3.jar;C:\Users\SAI UPENDAR\.jenkins\maven-repositories\0\org\bouncycastle\bcpkix-jdk18on\1.76\bcpkix-jdk18on-1.76.jar;C:\Users\SAI UPENDAR\.jenkins\maven-repositories\0\org\bouncycastle\bcprov-jdk18on\1.76\bcprov-jdk18on-1.76.jar;C:\Users\SAI UPENDAR\.jenkins\maven-repositories\0\org\bouncycastle\bcutil-jdk18on\1.76\bcutil-jdk18on-1.76.jar;C:\Users\SAI UPENDAR\.jenkins\maven-repositories\0\org\slf4j\jcl-over-slf4j\1.7.30\jcl-over-slf4j-1.7.30.jar;C:\Users\SAI UPENDAR\.jenkins\maven-repositories\0\com\github\docker-java\docker-java-transport-httpclient5\3.3.4\docker-java-transport-httpclient5-3.3.4.jar;C:\Users\SAI UPENDAR\.jenkins\maven-repositories\0\com\github\docker-java\docker-java-transport\3.3.4\docker-java-transport-3.3.4.jar;C:\Users\SAI UPENDAR\.jenkins\maven-repositories\0\net\java\dev\jna\jna\5.13.0\jna-5.13.0.jar;C:\Users\SAI UPENDAR\.jenkins\maven-repositories\0\org\brotli\dec\0.1.2\dec-0.1.2.jar;C:\Users\SAI UPENDAR\.jenkins\maven-repositories\0\org\apache\commons\commons-lang3\3.13.0\commons-lang3-3.13.0.jar;C:\Users\SAI UPENDAR\.jenkins\maven-repositories\0\org\apache\commons\commons-compress\1.24.0\commons-compress-1.24.0.jar;C:\Users\SAI UPENDAR\.jenkins\maven-repositories\0\org\apache\httpcomponents\client5\httpclient5\5.2.1\httpclient5-5.2.1.jar;C:\Users\SAI UPENDAR\.jenkins\maven-repositories\0\org\apache\httpcomponents\core5\httpcore5\5.2\httpcore5-5.2.jar;C:\Users\SAI UPENDAR\.jenkins\maven-repositories\0\org\apache\httpcomponents\core5\httpcore5-h2\5.2\httpcore5-h2-5.2.jar;"/>
    <property name="sun.cpu.endian" value="little"/>
    <property name="user.home" value="C:\Users\SAI UPENDAR"/>
    <property name="user.language" value="en"/>
    <property name="java.specification.vendor" value="Oracle Corporation"/>
    <property name="java.version.date" value="2023-10-17"/>
    <property name="java.home" value="C:\Program Files\Java\jdk-17"/>
    <property name="file.separator" value="\"/>
    <property name="basedir" value="C:\Users\SAI UPENDAR\Documents\Projecr2"/>
    <property name="java.vm.compressedOopsMode" value="32-bit"/>
    <property name="line.separator" value="&#10;"/>
    <property name="java.vm.specification.vendor" value="Oracle Corporation"/>
    <property name="java.specification.name" value="Java Platform API Specification"/>
    <property name="surefire.real.class.path" value="C:\Users\SAI UPENDAR\AppData\Local\Temp\surefire3925326191823564260\surefirebooter-20231214132205167_3.jar"/>
    <property name="user.script" value=""/>
    <property name="sun.management.compiler" value="HotSpot 64-Bit Tiered Compilers"/>
    <property name="java.runtime.version" value="17.0.9+11-LTS-201"/>
    <property name="user.name" value="SAI UPENDAR"/>
    <property name="path.separator" value=";"/>
    <property name="os.version" value="10.0"/>
    <property name="java.runtime.name" value="Java(TM) SE Runtime Environment"/>
    <property name="file.encoding" value="Cp1252"/>
    <property name="java.vm.name" value="Java HotSpot(TM) 64-Bit Server VM"/>
    <property name="localRepository" value="C:\Users\SAI UPENDAR\.jenkins\maven-repositories\0"/>
    <property name="java.vendor.url.bug" value="https://bugreport.java.com/bugreport/"/>
    <property name="java.io.tmpdir" value="C:\Users\SAIUPE~1\AppData\Local\Temp\"/>
    <property name="java.version" value="17.0.9"/>
    <property name="user.dir" value="C:\Users\SAI UPENDAR\Documents\Projecr2"/>
    <property name="os.arch" value="amd64"/>
    <property name="java.vm.specification.name" value="Java Virtual Machine Specification"/>
    <property name="sun.os.patch.level" value=""/>
    <property name="native.encoding" value="Cp1252"/>
    <property name="java.library.path" value="C:\Program Files\Java\jdk-17\bin;C:\WINDOWS\Sun\Java\bin;C:\WINDOWS\system32;C:\WINDOWS;C:\Users\SAI UPENDAR\Downloads\apache-maven-3.9.6-bin\apache-maven-3.9.6/bin;C:\Program Files\Java\jdk-17/bin;C:\Program Files\Java\jdk-17/bin;C:\Program Files\Common Files\Oracle\Java\javapath;C:\WINDOWS\system32;C:\WINDOWS;C:\WINDOWS\System32\Wbem;C:\WINDOWS\System32\WindowsPowerShell\v1.0\;C:\WINDOWS\System32\OpenSSH\;C:\Users\SAI UPENDAR\AppData\Local\Programs\Python\Python312\Scripts\;C:\Users\SAI UPENDAR\AppData\Local\Programs\Python\Python312\;C:\Users\SAI UPENDAR\AppData\Local\Programs\Python\Launcher\;C:\Users\SAI UPENDAR\AppData\Local\Microsoft\WindowsApps;C:\Program Files\Java\jdk-17\bin;;."/>
    <property name="java.vm.info" value="mixed mode, sharing"/>
    <property name="java.vendor" value="Oracle Corporation"/>
    <property name="java.vm.version" value="17.0.9+11-LTS-201"/>
    <property name="sun.io.unicode.encoding" value="UnicodeLittle"/>
    <property name="maven.repo.local" value="C:\Users\SAI UPENDAR\.jenkins\maven-repositories\0"/>
    <property name="java.class.version" value="61.0"/>
  </properties>
  <testcase name="f" classname="NewTest1" time="0.1">
    <system-out><![CDATA[before suite 
before test
beforetest  execution
before class
beforemethod
Test
]]></system-out>
    <system-err><![CDATA[SLF4J: Failed to load class "org.slf4j.impl.StaticLoggerBinder".
SLF4J: Defaulting to no-operation (NOP) logger implementation
SLF4J: See http://www.slf4j.org/codes.html#StaticLoggerBinder for further details.
]]></system-err>
  </testcase>
  <testcase name="f" classname="NewTest" time="0.036">
    <system-out><![CDATA[ after method
after class
]]></system-out>
    <system-err><![CDATA[Dec 14, 2023 1:22:41 PM org.openqa.selenium.devtools.CdpVersionFinder findNearestMatch
WARNING: Unable to find an exact match for CDP version 120, returning the closest version; found: 119; Please update to a Selenium version that supports CDP version 120
]]></system-err>
  </testcase>
  <testcase name="afterMethod" classname="NewTest" time="0.951">
    <failure message="disconnected: Unable to receive message from renderer&#10;  (failed to check if window was closed: disconnected: not connected to DevTools)&#10;  (Session info: chrome=120.0.6099.110)&#10;Build info: version: &apos;4.15.0&apos;, revision: &apos;1d14b5521b&apos;&#10;System info: os.name: &apos;Windows 11&apos;, os.arch: &apos;amd64&apos;, os.version: &apos;10.0&apos;, java.version: &apos;17.0.9&apos;&#10;Driver info: org.openqa.selenium.chrome.ChromeDriver&#10;Command: [6649bc46c615eeffaae8e38a7ae2443b, close {}]&#10;Capabilities {acceptInsecureCerts: false, browserName: chrome, browserVersion: 120.0.6099.110, chrome: {chromedriverVersion: 120.0.6099.71 (9729082fe617..., userDataDir: C:\Users\SAIUPE~1\AppData\L...}, fedcm:accounts: true, goog:chromeOptions: {debuggerAddress: localhost:61652}, networkConnectionEnabled: false, pageLoadStrategy: normal, platformName: windows, proxy: Proxy(), se:cdp: ws://localhost:61652/devtoo..., se:cdpVersion: 120.0.6099.110, setWindowRect: true, strictFileInteractability: false, timeouts: {implicit: 0, pageLoad: 300000, script: 30000}, unhandledPromptBehavior: dismiss and notify, webauthn:extension:credBlob: true, webauthn:extension:largeBlob: true, webauthn:extension:minPinLength: true, webauthn:extension:prf: true, webauthn:virtualAuthenticators: true}&#10;Session ID: 6649bc46c615eeffaae8e38a7ae2443b" type="org.openqa.selenium.WebDriverException"><![CDATA[org.openqa.selenium.WebDriverException: 
disconnected: Unable to receive message from renderer
  (failed to check if window was closed: disconnected: not connected to DevTools)
  (Session info: chrome=120.0.6099.110)
Build info: version: '4.15.0', revision: '1d14b5521b'
System info: os.name: 'Windows 11', os.arch: 'amd64', os.version: '10.0', java.version: '17.0.9'
Driver info: org.openqa.selenium.chrome.ChromeDriver
Command: [6649bc46c615eeffaae8e38a7ae2443b, close {}]
Capabilities {acceptInsecureCerts: false, browserName: chrome, browserVersion: 120.0.6099.110, chrome: {chromedriverVersion: 120.0.6099.71 (9729082fe617..., userDataDir: C:\Users\SAIUPE~1\AppData\L...}, fedcm:accounts: true, goog:chromeOptions: {debuggerAddress: localhost:61652}, networkConnectionEnabled: false, pageLoadStrategy: normal, platformName: windows, proxy: Proxy(), se:cdp: ws://localhost:61652/devtoo..., se:cdpVersion: 120.0.6099.110, setWindowRect: true, strictFileInteractability: false, timeouts: {implicit: 0, pageLoad: 300000, script: 30000}, unhandledPromptBehavior: dismiss and notify, webauthn:extension:credBlob: true, webauthn:extension:largeBlob: true, webauthn:extension:minPinLength: true, webauthn:extension:prf: true, webauthn:virtualAuthenticators: true}
Session ID: 6649bc46c615eeffaae8e38a7ae2443b
	at java.base/jdk.internal.reflect.NativeConstructorAccessorImpl.newInstance0(Native Method)
	at java.base/jdk.internal.reflect.NativeConstructorAccessorImpl.newInstance(NativeConstructorAccessorImpl.java:77)
	at java.base/jdk.internal.reflect.DelegatingConstructorAccessorImpl.newInstance(DelegatingConstructorAccessorImpl.java:45)
	at java.base/java.lang.reflect.Constructor.newInstanceWithCaller(Constructor.java:499)
	at java.base/java.lang.reflect.Constructor.newInstance(Constructor.java:480)
	at org.openqa.selenium.remote.codec.w3c.W3CHttpResponseCodec.createException(W3CHttpResponseCodec.java:200)
	at org.openqa.selenium.remote.codec.w3c.W3CHttpResponseCodec.decode(W3CHttpResponseCodec.java:133)
	at org.openqa.selenium.remote.codec.w3c.W3CHttpResponseCodec.decode(W3CHttpResponseCodec.java:52)
	at org.openqa.selenium.remote.HttpCommandExecutor.execute(HttpCommandExecutor.java:191)
	at org.openqa.selenium.remote.service.DriverCommandExecutor.invokeExecute(DriverCommandExecutor.java:200)
	at org.openqa.selenium.remote.service.DriverCommandExecutor.execute(DriverCommandExecutor.java:175)
	at org.openqa.selenium.remote.RemoteWebDriver.execute(RemoteWebDriver.java:607)
	at org.openqa.selenium.remote.RemoteWebDriver.execute(RemoteWebDriver.java:680)
	at org.openqa.selenium.remote.RemoteWebDriver.execute(RemoteWebDriver.java:684)
	at org.openqa.selenium.remote.RemoteWebDriver.close(RemoteWebDriver.java:414)
	at NewTest.afterMethod(NewTest.java:33)
	at java.base/jdk.internal.reflect.NativeMethodAccessorImpl.invoke0(Native Method)
	at java.base/jdk.internal.reflect.NativeMethodAccessorImpl.invoke(NativeMethodAccessorImpl.java:77)
	at java.base/jdk.internal.reflect.DelegatingMethodAccessorImpl.invoke(DelegatingMethodAccessorImpl.java:43)
	at java.base/java.lang.reflect.Method.invoke(Method.java:568)
	at org.testng.internal.invokers.MethodInvocationHelper.invokeMethod(MethodInvocationHelper.java:139)
	at org.testng.internal.invokers.MethodInvocationHelper.invokeMethodConsideringTimeout(MethodInvocationHelper.java:69)
	at org.testng.internal.invokers.ConfigInvoker.invokeConfigurationMethod(ConfigInvoker.java:361)
	at org.testng.internal.invokers.ConfigInvoker.invokeConfigurations(ConfigInvoker.java:296)
	at org.testng.internal.invokers.TestInvoker.runConfigMethods(TestInvoker.java:823)
	at org.testng.internal.invokers.TestInvoker.runAfterConfigurations(TestInvoker.java:792)
	at org.testng.internal.invokers.TestInvoker.invokeMethod(TestInvoker.java:768)
	at org.testng.internal.invokers.TestInvoker.invokeTestMethod(TestInvoker.java:221)
	at org.testng.internal.invokers.MethodRunner.runInSequence(MethodRunner.java:50)
	at org.testng.internal.invokers.TestInvoker$MethodInvocationAgent.invoke(TestInvoker.java:969)
	at org.testng.internal.invokers.TestInvoker.invokeTestMethods(TestInvoker.java:194)
	at org.testng.internal.invokers.TestMethodWorker.invokeTestMethods(TestMethodWorker.java:148)
	at org.testng.internal.invokers.TestMethodWorker.run(TestMethodWorker.java:128)
	at java.base/java.util.ArrayList.forEach(ArrayList.java:1511)
	at org.testng.TestRunner.privateRun(TestRunner.java:829)
	at org.testng.TestRunner.run(TestRunner.java:602)
	at org.testng.SuiteRunner.runTest(SuiteRunner.java:437)
	at org.testng.SuiteRunner.runSequentially(SuiteRunner.java:431)
	at org.testng.SuiteRunner.privateRun(SuiteRunner.java:391)
	at org.testng.SuiteRunner.run(SuiteRunner.java:330)
	at org.testng.SuiteRunnerWorker.runSuite(SuiteRunnerWorker.java:52)
	at org.testng.SuiteRunnerWorker.run(SuiteRunnerWorker.java:95)
	at org.testng.TestNG.runSuitesSequentially(TestNG.java:1256)
	at org.testng.TestNG.runSuitesLocally(TestNG.java:1176)
	at org.testng.TestNG.runSuites(TestNG.java:1099)
	at org.testng.TestNG.run(TestNG.java:1067)
	at org.apache.maven.surefire.testng.TestNGExecutor.run(TestNGExecutor.java:308)
	at org.apache.maven.surefire.testng.TestNGXmlTestSuite.execute(TestNGXmlTestSuite.java:71)
	at org.apache.maven.surefire.testng.TestNGProvider.invoke(TestNGProvider.java:113)
	at org.apache.maven.surefire.booter.ForkedBooter.runSuitesInProcess(ForkedBooter.java:385)
	at org.apache.maven.surefire.booter.ForkedBooter.execute(ForkedBooter.java:162)
	at org.apache.maven.surefire.booter.ForkedBooter.run(ForkedBooter.java:507)
	at org.apache.maven.surefire.booter.ForkedBooter.main(ForkedBooter.java:495)
]]></failure>
    <system-out><![CDATA[valid
]]></system-out>
  </testcase>
  <testcase name="beforeSuite" classname="com.selenium.Projecr2.NewTest4" time="0.0">
    <failure type="junit.framework.AssertionFailedError"><![CDATA[junit.framework.AssertionFailedError
	at junit.framework.Assert.fail(Assert.java:47)
	at junit.framework.Assert.fail(Assert.java:53)
	at com.selenium.Projecr2.NewTest4.beforeSuite(NewTest4.java:54)
	at java.base/jdk.internal.reflect.NativeMethodAccessorImpl.invoke0(Native Method)
	at java.base/jdk.internal.reflect.NativeMethodAccessorImpl.invoke(NativeMethodAccessorImpl.java:77)
	at java.base/jdk.internal.reflect.DelegatingMethodAccessorImpl.invoke(DelegatingMethodAccessorImpl.java:43)
	at java.base/java.lang.reflect.Method.invoke(Method.java:568)
	at org.testng.internal.invokers.MethodInvocationHelper.invokeMethod(MethodInvocationHelper.java:139)
	at org.testng.internal.invokers.TestInvoker.invokeMethod(TestInvoker.java:677)
	at org.testng.internal.invokers.TestInvoker.invokeTestMethod(TestInvoker.java:221)
	at org.testng.internal.invokers.MethodRunner.runInSequence(MethodRunner.java:50)
	at org.testng.internal.invokers.TestInvoker$MethodInvocationAgent.invoke(TestInvoker.java:969)
	at org.testng.internal.invokers.TestInvoker.invokeTestMethods(TestInvoker.java:194)
	at org.testng.internal.invokers.TestMethodWorker.invokeTestMethods(TestMethodWorker.java:148)
	at org.testng.internal.invokers.TestMethodWorker.run(TestMethodWorker.java:128)
	at java.base/java.util.ArrayList.forEach(ArrayList.java:1511)
	at org.testng.TestRunner.privateRun(TestRunner.java:829)
	at org.testng.TestRunner.run(TestRunner.java:602)
	at org.testng.SuiteRunner.runTest(SuiteRunner.java:437)
	at org.testng.SuiteRunner.runSequentially(SuiteRunner.java:431)
	at org.testng.SuiteRunner.privateRun(SuiteRunner.java:391)
	at org.testng.SuiteRunner.run(SuiteRunner.java:330)
	at org.testng.SuiteRunnerWorker.runSuite(SuiteRunnerWorker.java:52)
	at org.testng.SuiteRunnerWorker.run(SuiteRunnerWorker.java:95)
	at org.testng.TestNG.runSuitesSequentially(TestNG.java:1256)
	at org.testng.TestNG.runSuitesLocally(TestNG.java:1176)
	at org.testng.TestNG.runSuites(TestNG.java:1099)
	at org.testng.TestNG.run(TestNG.java:1067)
	at org.apache.maven.surefire.testng.TestNGExecutor.run(TestNGExecutor.java:308)
	at org.apache.maven.surefire.testng.TestNGXmlTestSuite.execute(TestNGXmlTestSuite.java:71)
	at org.apache.maven.surefire.testng.TestNGProvider.invoke(TestNGProvider.java:113)
	at org.apache.maven.surefire.booter.ForkedBooter.runSuitesInProcess(ForkedBooter.java:385)
	at org.apache.maven.surefire.booter.ForkedBooter.execute(ForkedBooter.java:162)
	at org.apache.maven.surefire.booter.ForkedBooter.run(ForkedBooter.java:507)
	at org.apache.maven.surefire.booter.ForkedBooter.main(ForkedBooter.java:495)
]]></failure>
    <system-out><![CDATA[before class case execution
  before test case execution
test case 2
]]></system-out>
  </testcase>
  <testcase name="f" classname="com.selenium.Projecr2.NewTest4" time="0.001">
    <system-out><![CDATA[after test case execution
  before test case execution
Firsttest case execution
]]></system-out>
  </testcase>
  <testcase name="f" classname="com.selenium.Projecr2.NewTest4" time="0.001">
    <system-out><![CDATA[after test case execution
  before test case execution
Firsttest case execution
]]></system-out>
  </testcase>
  <testcase name="f" classname="com.selenium.Projecr2.NewTest4" time="0.005">
    <system-out><![CDATA[after test case execution
  before test case execution
Firsttest case execution
]]></system-out>
  </testcase>
  <testcase name="afterSuite" classname="com.selenium.Projecr2.NewTest4" time="0.06">
    <system-out><![CDATA[after test case execution
  before test case execution
test case 3 execution
]]></system-out>
  </testcase>
</testsuite>